Library/Bee/Android/Prj/Mono2x/Gradle/unityLibrary/build/intermediates/manifest_merge_blame_file/release/manifest-merger-blame-release-report.txt
1<?xml version="1.0" encoding="utf-8"?>
2<manifest xmlns:android="http://schemas.android.com/apk/res/android"
3    xmlns:tools="http://schemas.android.com/tools"
4    package="com.unity3d.player"
5    android:installLocation="auto"
6    android:versionCode="1"
7    android:versionName="0.1" >
8
9    <uses-sdk
10        android:minSdkVersion="23"
10-->src/main/AndroidManifest.xml
11        android:targetSdkVersion="30" />
11-->src/main/AndroidManifest.xml
12
13    <uses-feature android:glEsVersion="0x00030000" />
13-->src/main/AndroidManifest.xml:25:3-52
13-->src/main/AndroidManifest.xml:25:17-49
14    <uses-feature
14-->src/main/AndroidManifest.xml:26:3-91
15        android:name="android.hardware.vulkan.version"
15-->src/main/AndroidManifest.xml:26:17-63
16        android:required="false" />
16-->src/main/AndroidManifest.xml:26:64-88
17
18    <uses-permission android:name="android.permission.INTERNET" />
18-->src/main/AndroidManifest.xml:27:3-65
18-->src/main/AndroidManifest.xml:27:20-62
19    <uses-permission android:name="android.permission.ACCESS_NETWORK_STATE" />
19-->src/main/AndroidManifest.xml:28:3-77
19-->src/main/AndroidManifest.xml:28:20-74
20
21    <uses-feature
21-->src/main/AndroidManifest.xml:29:3-88
22        android:name="android.hardware.touchscreen"
22-->src/main/AndroidManifest.xml:29:17-60
23        android:required="false" />
23-->src/main/AndroidManifest.xml:29:61-85
24    <uses-feature
24-->src/main/AndroidManifest.xml:30:3-99
25        android:name="android.hardware.touchscreen.multitouch"
25-->src/main/AndroidManifest.xml:30:17-71
26        android:required="false" />
26-->src/main/AndroidManifest.xml:30:72-96
27    <uses-feature
27-->src/main/AndroidManifest.xml:31:3-108
28        android:name="android.hardware.touchscreen.multitouch.distinct"
28-->src/main/AndroidManifest.xml:31:17-80
29        android:required="false" />
29-->src/main/AndroidManifest.xml:31:81-105
30    <uses-feature
30-->src/main/AndroidManifest.xml:32:3-111
31        android:name="android.hardware.vr.headtracking"
31-->src/main/AndroidManifest.xml:32:17-64
32        android:required="true"
32-->src/main/AndroidManifest.xml:32:85-108
33        android:version="1" />
33-->src/main/AndroidManifest.xml:32:65-84
34
35    <application
35-->src/main/AndroidManifest.xml:3:3-24:17
36        android:allowBackup="false"
36-->src/main/AndroidManifest.xml:3:114-141
37        android:extractNativeLibs="true"
37-->src/main/AndroidManifest.xml:3:16-48
38        android:icon="@mipmap/app_icon"
38-->src/main/AndroidManifest.xml:3:82-113
39        android:label="@string/app_name"
39-->src/main/AndroidManifest.xml:3:49-81
40        android:networkSecurityConfig="@xml/network_sec_config" >
40-->src/main/AndroidManifest.xml:3:142-197
41        <activity
41-->src/main/AndroidManifest.xml:4:5-13:16
42            android:name="com.unity3d.player.UnityPlayerActivity"
42-->src/main/AndroidManifest.xml:4:15-68
43            android:configChanges="keyboard|keyboardHidden|navigation|orientation|screenLayout|screenSize|uiMode"
43-->src/main/AndroidManifest.xml:4:204-305
44            android:hardwareAccelerated="false"
44-->src/main/AndroidManifest.xml:4:341-376
45            android:launchMode="singleTask"
45-->src/main/AndroidManifest.xml:4:172-203
46            android:resizeableActivity="false"
46-->src/main/AndroidManifest.xml:4:306-340
47            android:screenOrientation="landscape"
47-->src/main/AndroidManifest.xml:4:134-171
48            android:theme="@android:style/Theme.Black.NoTitleBar.Fullscreen" >
48-->src/main/AndroidManifest.xml:4:69-133
49            <intent-filter>
49-->src/main/AndroidManifest.xml:5:7-9:23
50                <action android:name="android.intent.action.MAIN" />
50-->src/main/AndroidManifest.xml:6:9-61
50-->src/main/AndroidManifest.xml:6:17-58
51
52                <category android:name="android.intent.category.LAUNCHER" />
52-->src/main/AndroidManifest.xml:7:9-69
52-->src/main/AndroidManifest.xml:7:19-66
53                <category android:name="com.oculus.intent.category.VR" />
53-->src/main/AndroidManifest.xml:8:9-66
53-->src/main/AndroidManifest.xml:8:19-63
54            </intent-filter>
55
56            <meta-data
56-->src/main/AndroidManifest.xml:10:7-82
57                android:name="unityplayer.UnityActivity"
57-->src/main/AndroidManifest.xml:10:18-58
58                android:value="true" />
58-->src/main/AndroidManifest.xml:10:59-79
59            <meta-data
59-->src/main/AndroidManifest.xml:11:7-78
60                android:name="android.notch_support"
60-->src/main/AndroidManifest.xml:11:18-54
61                android:value="true" />
61-->src/main/AndroidManifest.xml:11:55-75
62            <meta-data
62-->src/main/AndroidManifest.xml:12:7-81
63                android:name="com.oculus.vr.focusaware"
63-->src/main/AndroidManifest.xml:12:18-57
64                android:value="true" />
64-->src/main/AndroidManifest.xml:12:58-78
65        </activity>
66
67        <meta-data
67-->src/main/AndroidManifest.xml:14:5-69
68            android:name="unity.splash-mode"
68-->src/main/AndroidManifest.xml:14:16-48
69            android:value="0" />
69-->src/main/AndroidManifest.xml:14:49-66
70        <meta-data
70-->src/main/AndroidManifest.xml:15:5-74
71            android:name="unity.splash-enable"
71-->src/main/AndroidManifest.xml:15:16-50
72            android:value="True" />
72-->src/main/AndroidManifest.xml:15:51-71
73        <meta-data
73-->src/main/AndroidManifest.xml:16:5-78
74            android:name="unity.launch-fullscreen"
74-->src/main/AndroidManifest.xml:16:16-54
75            android:value="True" />
75-->src/main/AndroidManifest.xml:16:55-75
76        <meta-data
76-->src/main/AndroidManifest.xml:17:5-84
77            android:name="unity.allow-resizable-window"
77-->src/main/AndroidManifest.xml:17:16-59
78            android:value="False" />
78-->src/main/AndroidManifest.xml:17:60-81
79        <meta-data
79-->src/main/AndroidManifest.xml:18:5-81
80            android:name="notch.config"
80-->src/main/AndroidManifest.xml:18:16-43
81            android:value="portrait|landscape" />
81-->src/main/AndroidManifest.xml:18:44-78
82        <meta-data
82-->src/main/AndroidManifest.xml:19:5-97
83            android:name="com.samsung.android.vr.application.mode"
83-->src/main/AndroidManifest.xml:19:16-70
84            android:value="vr_only" />
84-->src/main/AndroidManifest.xml:19:71-94
85        <meta-data
85-->src/main/AndroidManifest.xml:20:5-91
86            android:name="com.unity.xr.oculus.LowOverheadMode"
86-->src/main/AndroidManifest.xml:20:16-66
87            android:value="false" />
87-->src/main/AndroidManifest.xml:20:67-88
88        <meta-data
88-->src/main/AndroidManifest.xml:21:5-88
89            android:name="com.unity.xr.oculus.LateLatching"
89-->src/main/AndroidManifest.xml:21:16-63
90            android:value="false" />
90-->src/main/AndroidManifest.xml:21:64-85
91        <meta-data
91-->src/main/AndroidManifest.xml:22:5-93
92            android:name="com.unity.xr.oculus.LateLatchingDebug"
92-->src/main/AndroidManifest.xml:22:16-68
93            android:value="false" />
93-->src/main/AndroidManifest.xml:22:69-90
94        <meta-data
94-->src/main/AndroidManifest.xml:23:5-90
95            android:name="com.oculus.supportedDevices"
95-->src/main/AndroidManifest.xml:23:16-58
96            android:value="quest|quest2" />
96-->src/main/AndroidManifest.xml:23:59-87
97    </application>
98
99</manifest>